<?xml version="1.0" encoding="UTF-8"?>
<!-- Generated by org.testng.reporters.JUnitReportReporter -->
<testsuite hostname="DESKTOP-GQF8HD8" failures="0" tests="1" name="com.SeleniumMaster.ObjectMapProjec.ObjectMapLoginTest" time="7.107" errors="0" timestamp="12 Feb 2019 12:45:19 GMT" skipped="0">
  <testcase classname="com.SeleniumMaster.ObjectMapProjec.ObjectMapLoginTest" name="login" time="7.107"/>
</testsuite> <!-- com.SeleniumMaster.ObjectMapProjec.ObjectMapLoginTest -->
