<?xml version="1.0" encoding="UTF-8"?>
<!-- Generated by org.testng.reporters.JUnitReportReporter -->
<testsuite hostname="DESKTOP-GQF8HD8" failures="0" tests="1" name="com.SeleniumMaster.ObjectMapProjec.ObjectMapLoginTest" time="7.269" errors="0" timestamp="13 Feb 2019 02:54:06 GMT" skipped="0">
  <testcase classname="com.SeleniumMaster.ObjectMapProjec.ObjectMapLoginTest" name="login" time="7.269"/>
</testsuite> <!-- com.SeleniumMaster.ObjectMapProjec.ObjectMapLoginTest -->
